{"E:\\js-project\\todo-manager\\src\\components\\index.ts": {"path":"E:\\js-project\\todo-manager\\src\\components\\index.ts","statementMap":{},"fnMap":{},"branchMap":{},"s":{},"f":{},"b":{},"_coverageSchema":"1a1c01bbd47fc00a2c39e90264f33305004495a9","hash":"d4462e002513bf4042a6e7ed1388ff546e431458"}
,"E:\\js-project\\todo-manager\\src\\components\\Button\\Button.tsx": {"path":"E:\\js-project\\todo-manager\\src\\components\\Button\\Button.tsx","statementMap":{"0":{"start":{"line":5,"column":23},"end":{"line":14,"column":1}},"1":{"start":{"line":16,"column":21},"end":{"line":29,"column":1}},"2":{"start":{"line":31,"column":17},"end":{"line":47,"column":1}},"3":{"start":{"line":40,"column":27},"end":{"line":40,"column":72}},"4":{"start":{"line":41,"column":27},"end":{"line":41,"column":63}},"5":{"start":{"line":49,"column":22},"end":{"line":68,"column":1}},"6":{"start":{"line":56,"column":23},"end":{"line":56,"column":51}},"7":{"start":{"line":57,"column":2},"end":{"line":67,"column":3}}},"fnMap":{"0":{"name":"(anonymous_0)","decl":{"start":{"line":40,"column":4},"end":{"line":40,"column":5}},"loc":{"start":{"line":40,"column":27},"end":{"line":40,"column":72}},"line":40},"1":{"name":"(anonymous_1)","decl":{"start":{"line":41,"column":4},"end":{"line":41,"column":5}},"loc":{"start":{"line":41,"column":27},"end":{"line":41,"column":63}},"line":41},"2":{"name":"(anonymous_2)","decl":{"start":{"line":49,"column":22},"end":{"line":49,"column":23}},"loc":{"start":{"line":55,"column":19},"end":{"line":68,"column":1}},"line":55}},"branchMap":{"0":{"loc":{"start":{"line":40,"column":35},"end":{"line":40,"column":71}},"type":"binary-expr","locations":[{"start":{"line":40,"column":35},"end":{"line":40,"column":48}},{"start":{"line":40,"column":52},"end":{"line":40,"column":71}}],"line":40},"1":{"loc":{"start":{"line":41,"column":37},"end":{"line":41,"column":62}},"type":"binary-expr","locations":[{"start":{"line":41,"column":37},"end":{"line":41,"column":48}},{"start":{"line":41,"column":52},"end":{"line":41,"column":62}}],"line":41},"2":{"loc":{"start":{"line":56,"column":23},"end":{"line":56,"column":51}},"type":"cond-expr","locations":[{"start":{"line":56,"column":34},"end":{"line":56,"column":46}},{"start":{"line":56,"column":49},"end":{"line":56,"column":51}}],"line":56},"3":{"loc":{"start":{"line":60,"column":15},"end":{"line":60,"column":56}},"type":"cond-expr","locations":[{"start":{"line":60,"column":26},"end":{"line":60,"column":46}},{"start":{"line":60,"column":49},"end":{"line":60,"column":56}}],"line":60}},"s":{"0":2,"1":2,"2":2,"3":7,"4":7,"5":2,"6":7,"7":7},"f":{"0":7,"1":7,"2":7},"b":{"0":[7,2],"1":[7,2],"2":[1,6],"3":[1,6]},"_coverageSchema":"1a1c01bbd47fc00a2c39e90264f33305004495a9","hash":"9b3075b4f6bb9f572d50919e23f46ab2cd0d6aca"}
,"E:\\js-project\\todo-manager\\src\\components\\Button\\index.ts": {"path":"E:\\js-project\\todo-manager\\src\\components\\Button\\index.ts","statementMap":{},"fnMap":{},"branchMap":{},"s":{},"f":{},"b":{},"_coverageSchema":"1a1c01bbd47fc00a2c39e90264f33305004495a9","hash":"ea88e7211f260c1f7ae60036f64f5c850af649a9"}
,"E:\\js-project\\todo-manager\\src\\components\\Button\\utils.ts": {"path":"E:\\js-project\\todo-manager\\src\\components\\Button\\utils.ts","statementMap":{},"fnMap":{},"branchMap":{},"s":{},"f":{},"b":{},"_coverageSchema":"1a1c01bbd47fc00a2c39e90264f33305004495a9","hash":"593c0873c8b7d037358bbf751b42cdf9d6689447"}
,"E:\\js-project\\todo-manager\\src\\components\\Input\\index.tsx": {"path":"E:\\js-project\\todo-manager\\src\\components\\Input\\index.tsx","statementMap":{"0":{"start":{"line":4,"column":18},"end":{"line":18,"column":1}},"1":{"start":{"line":25,"column":21},"end":{"line":43,"column":1}},"2":{"start":{"line":26,"column":24},"end":{"line":26,"column":52}},"3":{"start":{"line":27,"column":21},"end":{"line":32,"column":3}},"4":{"start":{"line":28,"column":4},"end":{"line":31,"column":5}},"5":{"start":{"line":29,"column":6},"end":{"line":29,"column":16}},"6":{"start":{"line":30,"column":6},"end":{"line":30,"column":25}},"7":{"start":{"line":33,"column":2},"end":{"line":42,"column":3}},"8":{"start":{"line":38,"column":23},"end":{"line":38,"column":45}}},"fnMap":{"0":{"name":"(anonymous_0)","decl":{"start":{"line":25,"column":21},"end":{"line":25,"column":22}},"loc":{"start":{"line":25,"column":44},"end":{"line":43,"column":1}},"line":25},"1":{"name":"(anonymous_1)","decl":{"start":{"line":27,"column":21},"end":{"line":27,"column":22}},"loc":{"start":{"line":27,"column":71},"end":{"line":32,"column":3}},"line":27},"2":{"name":"(anonymous_2)","decl":{"start":{"line":38,"column":16},"end":{"line":38,"column":17}},"loc":{"start":{"line":38,"column":23},"end":{"line":38,"column":45}},"line":38}},"branchMap":{"0":{"loc":{"start":{"line":26,"column":33},"end":{"line":26,"column":51}},"type":"binary-expr","locations":[{"start":{"line":26,"column":33},"end":{"line":26,"column":45}},{"start":{"line":26,"column":49},"end":{"line":26,"column":51}}],"line":26},"1":{"loc":{"start":{"line":28,"column":4},"end":{"line":31,"column":5}},"type":"if","locations":[{"start":{"line":28,"column":4},"end":{"line":31,"column":5}},{"start":{"line":28,"column":4},"end":{"line":31,"column":5}}],"line":28}},"s":{"0":1,"1":1,"2":4,"3":4,"4":1,"5":1,"6":1,"7":4,"8":1},"f":{"0":4,"1":1,"2":1},"b":{"0":[4,4],"1":[1,0]},"_coverageSchema":"1a1c01bbd47fc00a2c39e90264f33305004495a9","hash":"1a829eaabcb522ed4e18938d3c20c01db5ec03a8"}
,"E:\\js-project\\todo-manager\\src\\components\\Item\\index.tsx": {"path":"E:\\js-project\\todo-manager\\src\\components\\Item\\index.tsx","statementMap":{"0":{"start":{"line":6,"column":17},"end":{"line":43,"column":1}},"1":{"start":{"line":15,"column":4},"end":{"line":15,"column":43}},"2":{"start":{"line":50,"column":20},"end":{"line":91,"column":1}},"3":{"start":{"line":51,"column":14},"end":{"line":51,"column":23}},"4":{"start":{"line":52,"column":34},"end":{"line":52,"column":49}},"5":{"start":{"line":53,"column":31},"end":{"line":53,"column":46}},"6":{"start":{"line":54,"column":21},"end":{"line":65,"column":3}},"7":{"start":{"line":55,"column":26},"end":{"line":55,"column":31}},"8":{"start":{"line":56,"column":4},"end":{"line":62,"column":5}},"9":{"start":{"line":57,"column":6},"end":{"line":57,"column":24}},"10":{"start":{"line":57,"column":18},"end":{"line":57,"column":24}},"11":{"start":{"line":58,"column":6},"end":{"line":61,"column":8}},"12":{"start":{"line":59,"column":8},"end":{"line":59,"column":30}},"13":{"start":{"line":60,"column":8},"end":{"line":60,"column":21}},"14":{"start":{"line":63,"column":4},"end":{"line":63,"column":67}},"15":{"start":{"line":64,"column":4},"end":{"line":64,"column":21}},"16":{"start":{"line":67,"column":17},"end":{"line":70,"column":3}},"17":{"start":{"line":68,"column":4},"end":{"line":68,"column":23}},"18":{"start":{"line":69,"column":4},"end":{"line":69,"column":20}},"19":{"start":{"line":71,"column":24},"end":{"line":82,"column":5}},"20":{"start":{"line":72,"column":4},"end":{"line":82,"column":5}},"21":{"start":{"line":84,"column":2},"end":{"line":90,"column":3}},"22":{"start":{"line":86,"column":51},"end":{"line":86,"column":71}}},"fnMap":{"0":{"name":"(anonymous_0)","decl":{"start":{"line":14,"column":21},"end":{"line":14,"column":22}},"loc":{"start":{"line":15,"column":4},"end":{"line":15,"column":43}},"line":15},"1":{"name":"(anonymous_1)","decl":{"start":{"line":50,"column":20},"end":{"line":50,"column":21}},"loc":{"start":{"line":50,"column":42},"end":{"line":91,"column":1}},"line":50},"2":{"name":"(anonymous_2)","decl":{"start":{"line":54,"column":21},"end":{"line":54,"column":22}},"loc":{"start":{"line":54,"column":62},"end":{"line":65,"column":3}},"line":54},"3":{"name":"(anonymous_3)","decl":{"start":{"line":58,"column":17},"end":{"line":58,"column":18}},"loc":{"start":{"line":58,"column":37},"end":{"line":61,"column":7}},"line":58},"4":{"name":"(anonymous_4)","decl":{"start":{"line":67,"column":17},"end":{"line":67,"column":18}},"loc":{"start":{"line":67,"column":59},"end":{"line":70,"column":3}},"line":67},"5":{"name":"(anonymous_5)","decl":{"start":{"line":71,"column":24},"end":{"line":71,"column":25}},"loc":{"start":{"line":72,"column":4},"end":{"line":82,"column":5}},"line":72},"6":{"name":"(anonymous_6)","decl":{"start":{"line":86,"column":45},"end":{"line":86,"column":46}},"loc":{"start":{"line":86,"column":51},"end":{"line":86,"column":71}},"line":86}},"branchMap":{"0":{"loc":{"start":{"line":15,"column":4},"end":{"line":15,"column":43}},"type":"cond-expr","locations":[{"start":{"line":15,"column":20},"end":{"line":15,"column":34}},{"start":{"line":15,"column":37},"end":{"line":15,"column":43}}],"line":15},"1":{"loc":{"start":{"line":56,"column":4},"end":{"line":62,"column":5}},"type":"if","locations":[{"start":{"line":56,"column":4},"end":{"line":62,"column":5}},{"start":{"line":56,"column":4},"end":{"line":62,"column":5}}],"line":56},"2":{"loc":{"start":{"line":57,"column":6},"end":{"line":57,"column":24}},"type":"if","locations":[{"start":{"line":57,"column":6},"end":{"line":57,"column":24}},{"start":{"line":57,"column":6},"end":{"line":57,"column":24}}],"line":57},"3":{"loc":{"start":{"line":63,"column":38},"end":{"line":63,"column":66}},"type":"binary-expr","locations":[{"start":{"line":63,"column":38},"end":{"line":63,"column":53}},{"start":{"line":63,"column":57},"end":{"line":63,"column":66}}],"line":63},"4":{"loc":{"start":{"line":72,"column":4},"end":{"line":82,"column":5}},"type":"cond-expr","locations":[{"start":{"line":73,"column":6},"end":{"line":73,"column":80}},{"start":{"line":75,"column":6},"end":{"line":81,"column":9}}],"line":72}},"s":{"0":1,"1":11,"2":1,"3":11,"4":11,"5":11,"6":11,"7":0,"8":0,"9":0,"10":0,"11":0,"12":0,"13":0,"14":0,"15":0,"16":11,"17":0,"18":0,"19":11,"20":11,"21":11,"22":0},"f":{"0":11,"1":11,"2":0,"3":0,"4":0,"5":11,"6":0},"b":{"0":[0,11],"1":[0,0],"2":[0,0],"3":[0,0],"4":[0,11]},"_coverageSchema":"1a1c01bbd47fc00a2c39e90264f33305004495a9","hash":"78a766fc62064c7445f57283f8d790a099dc176e"}
,"E:\\js-project\\todo-manager\\src\\components\\List\\index.tsx": {"path":"E:\\js-project\\todo-manager\\src\\components\\List\\index.tsx","statementMap":{"0":{"start":{"line":3,"column":17},"end":{"line":3,"column":29}},"1":{"start":{"line":5,"column":20},"end":{"line":7,"column":1}},"2":{"start":{"line":6,"column":2},"end":{"line":6,"column":46}}},"fnMap":{"0":{"name":"(anonymous_0)","decl":{"start":{"line":5,"column":20},"end":{"line":5,"column":21}},"loc":{"start":{"line":5,"column":36},"end":{"line":7,"column":1}},"line":5}},"branchMap":{},"s":{"0":1,"1":1,"2":3},"f":{"0":3},"b":{},"_coverageSchema":"1a1c01bbd47fc00a2c39e90264f33305004495a9","hash":"6ec844a0e7c93768c093e9240eea5874f54c095c"}
}
