TN:
SF:src\components\index.ts
FNF:0
FNH:0
LF:0
LH:0
BRF:0
BRH:0
end_of_record
TN:
SF:src\components\Button\Button.tsx
FN:40,(anonymous_0)
FN:41,(anonymous_1)
FN:49,(anonymous_2)
FNF:3
FNH:3
FNDA:7,(anonymous_0)
FNDA:7,(anonymous_1)
FNDA:7,(anonymous_2)
DA:5,2
DA:16,2
DA:31,2
DA:40,7
DA:41,7
DA:49,2
DA:56,7
DA:57,7
LF:8
LH:8
BRDA:40,0,0,7
BRDA:40,0,1,2
BRDA:41,1,0,7
BRDA:41,1,1,2
BRDA:56,2,0,1
BRDA:56,2,1,6
BRDA:60,3,0,1
BRDA:60,3,1,6
BRF:8
BRH:8
end_of_record
TN:
SF:src\components\Button\index.ts
FNF:0
FNH:0
LF:0
LH:0
BRF:0
BRH:0
end_of_record
TN:
SF:src\components\Button\utils.ts
FNF:0
FNH:0
LF:0
LH:0
BRF:0
BRH:0
end_of_record
TN:
SF:src\components\Input\index.tsx
FN:25,(anonymous_0)
FN:27,(anonymous_1)
FN:38,(anonymous_2)
FNF:3
FNH:3
FNDA:4,(anonymous_0)
FNDA:1,(anonymous_1)
FNDA:1,(anonymous_2)
DA:4,1
DA:25,1
DA:26,4
DA:27,4
DA:28,1
DA:29,1
DA:30,1
DA:33,4
DA:38,1
LF:9
LH:9
BRDA:26,0,0,4
BRDA:26,0,1,4
BRDA:28,1,0,1
BRDA:28,1,1,0
BRF:4
BRH:3
end_of_record
TN:
SF:src\components\Item\index.tsx
FN:14,(anonymous_0)
FN:50,(anonymous_1)
FN:54,(anonymous_2)
FN:58,(anonymous_3)
FN:67,(anonymous_4)
FN:71,(anonymous_5)
FN:86,(anonymous_6)
FNF:7
FNH:3
FNDA:11,(anonymous_0)
FNDA:11,(anonymous_1)
FNDA:0,(anonymous_2)
FNDA:0,(anonymous_3)
FNDA:0,(anonymous_4)
FNDA:11,(anonymous_5)
FNDA:0,(anonymous_6)
DA:6,1
DA:15,11
DA:50,1
DA:51,11
DA:52,11
DA:53,11
DA:54,11
DA:55,0
DA:56,0
DA:57,0
DA:58,0
DA:59,0
DA:60,0
DA:63,0
DA:64,0
DA:67,11
DA:68,0
DA:69,0
DA:71,11
DA:72,11
DA:84,11
DA:86,0
LF:22
LH:11
BRDA:15,0,0,0
BRDA:15,0,1,11
BRDA:56,1,0,0
BRDA:56,1,1,0
BRDA:57,2,0,0
BRDA:57,2,1,0
BRDA:63,3,0,0
BRDA:63,3,1,0
BRDA:72,4,0,0
BRDA:72,4,1,11
BRF:10
BRH:2
end_of_record
TN:
SF:src\components\List\index.tsx
FN:5,(anonymous_0)
FNF:1
FNH:1
FNDA:3,(anonymous_0)
DA:3,1
DA:5,1
DA:6,3
LF:3
LH:3
BRF:0
BRH:0
end_of_record
